DEBUG - 2025-12-07 14:54:47 --> Session: Class initialized using 'CodeIgniter\Session\Handlers\FileHandler' driver.
DEBUG - 2025-12-07 14:54:49 --> Session: Class initialized using 'CodeIgniter\Session\Handlers\FileHandler' driver.
DEBUG - 2025-12-07 14:54:55 --> Session: Class initialized using 'CodeIgniter\Session\Handlers\FileHandler' driver.
DEBUG - 2025-12-07 14:54:55 --> Session: Class initialized using 'CodeIgniter\Session\Handlers\FileHandler' driver.
DEBUG - 2025-12-07 15:08:47 --> Session: Class initialized using 'CodeIgniter\Session\Handlers\FileHandler' driver.
DEBUG - 2025-12-07 16:12:01 --> Session: Class initialized using 'CodeIgniter\Session\Handlers\FileHandler' driver.
CRITICAL - 2025-12-07 16:12:03 --> Error: Class "App\Controllers\TransaccionesModel" not found
[Method: GET, Route: clientes]
in APPPATH\Controllers\Clientes.php on line 16.
 1 SYSTEMPATH\CodeIgniter.php(903): App\Controllers\Clientes->__construct()
 2 SYSTEMPATH\CodeIgniter.php(498): CodeIgniter\CodeIgniter->createController()
 3 SYSTEMPATH\CodeIgniter.php(354): CodeIgniter\CodeIgniter->handleRequest(null, Object(Config\Cache), false)
 4 SYSTEMPATH\Boot.php(363): CodeIgniter\CodeIgniter->run()
 5 SYSTEMPATH\Boot.php(68): CodeIgniter\Boot::runCodeIgniter(Object(CodeIgniter\CodeIgniter))
 6 FCPATH\index.php(59): CodeIgniter\Boot::bootWeb(Object(Config\Paths))
CRITICAL - 2025-12-07 16:13:18 --> ErrorException: Undefined variable $transacciones
[Method: GET, Route: clientes]
in APPPATH\Controllers\Clientes.php on line 16.
 1 APPPATH\Controllers\Clientes.php(16): CodeIgniter\Debug\Exceptions->errorHandler(2, 'Undefined variable $transacciones', 'C:\\xampp\\htdocs\\clientesProveedores\\app\\Controllers\\Clientes.php', 16)
 2 SYSTEMPATH\CodeIgniter.php(903): App\Controllers\Clientes->__construct()
 3 SYSTEMPATH\CodeIgniter.php(498): CodeIgniter\CodeIgniter->createController()
 4 SYSTEMPATH\CodeIgniter.php(354): CodeIgniter\CodeIgniter->handleRequest(null, Object(Config\Cache), false)
 5 SYSTEMPATH\Boot.php(363): CodeIgniter\CodeIgniter->run()
 6 SYSTEMPATH\Boot.php(68): CodeIgniter\Boot::runCodeIgniter(Object(CodeIgniter\CodeIgniter))
 7 FCPATH\index.php(59): CodeIgniter\Boot::bootWeb(Object(Config\Paths))
CRITICAL - 2025-12-07 16:13:48 --> ErrorException: Undefined variable $transacciones
[Method: GET, Route: clientes]
in APPPATH\Controllers\Clientes.php on line 17.
 1 APPPATH\Controllers\Clientes.php(17): CodeIgniter\Debug\Exceptions->errorHandler(2, 'Undefined variable $transacciones', 'C:\\xampp\\htdocs\\clientesProveedores\\app\\Controllers\\Clientes.php', 17)
 2 SYSTEMPATH\CodeIgniter.php(903): App\Controllers\Clientes->__construct()
 3 SYSTEMPATH\CodeIgniter.php(498): CodeIgniter\CodeIgniter->createController()
 4 SYSTEMPATH\CodeIgniter.php(354): CodeIgniter\CodeIgniter->handleRequest(null, Object(Config\Cache), false)
 5 SYSTEMPATH\Boot.php(363): CodeIgniter\CodeIgniter->run()
 6 SYSTEMPATH\Boot.php(68): CodeIgniter\Boot::runCodeIgniter(Object(CodeIgniter\CodeIgniter))
 7 FCPATH\index.php(59): CodeIgniter\Boot::bootWeb(Object(Config\Paths))
DEBUG - 2025-12-07 16:15:06 --> Session: Class initialized using 'CodeIgniter\Session\Handlers\FileHandler' driver.
CRITICAL - 2025-12-07 16:15:06 --> ErrorException: Undefined variable $transacciones
[Method: GET, Route: clientes]
in APPPATH\Controllers\Clientes.php on line 30.
 1 APPPATH\Controllers\Clientes.php(30): CodeIgniter\Debug\Exceptions->errorHandler(2, 'Undefined variable $transacciones', 'C:\\xampp\\htdocs\\clientesProveedores\\app\\Controllers\\Clientes.php', 30)
 2 SYSTEMPATH\CodeIgniter.php(933): App\Controllers\Clientes->index()
 3 SYSTEMPATH\CodeIgniter.php(507): CodeIgniter\CodeIgniter->runController(Object(App\Controllers\Clientes))
 4 SYSTEMPATH\CodeIgniter.php(354): CodeIgniter\CodeIgniter->handleRequest(null, Object(Config\Cache), false)
 5 SYSTEMPATH\Boot.php(363): CodeIgniter\CodeIgniter->run()
 6 SYSTEMPATH\Boot.php(68): CodeIgniter\Boot::runCodeIgniter(Object(CodeIgniter\CodeIgniter))
 7 FCPATH\index.php(59): CodeIgniter\Boot::bootWeb(Object(Config\Paths))
DEBUG - 2025-12-07 16:15:44 --> Session: Class initialized using 'CodeIgniter\Session\Handlers\FileHandler' driver.
CRITICAL - 2025-12-07 16:15:44 --> Error: Undefined constant "App\Controllers\transacciones"
[Method: GET, Route: clientes]
in APPPATH\Controllers\Clientes.php on line 30.
 1 SYSTEMPATH\CodeIgniter.php(933): App\Controllers\Clientes->index()
 2 SYSTEMPATH\CodeIgniter.php(507): CodeIgniter\CodeIgniter->runController(Object(App\Controllers\Clientes))
 3 SYSTEMPATH\CodeIgniter.php(354): CodeIgniter\CodeIgniter->handleRequest(null, Object(Config\Cache), false)
 4 SYSTEMPATH\Boot.php(363): CodeIgniter\CodeIgniter->run()
 5 SYSTEMPATH\Boot.php(68): CodeIgniter\Boot::runCodeIgniter(Object(CodeIgniter\CodeIgniter))
 6 FCPATH\index.php(59): CodeIgniter\Boot::bootWeb(Object(Config\Paths))
DEBUG - 2025-12-07 16:16:36 --> Session: Class initialized using 'CodeIgniter\Session\Handlers\FileHandler' driver.
CRITICAL - 2025-12-07 16:16:36 --> ErrorException: Undefined property: App\Controllers\Clientes::$proveedores
[Method: GET, Route: clientes]
in APPPATH\Controllers\Clientes.php on line 25.
 1 APPPATH\Controllers\Clientes.php(25): CodeIgniter\Debug\Exceptions->errorHandler(2, 'Undefined property: App\\Controllers\\Clientes::$proveedores', 'C:\\xampp\\htdocs\\clientesProveedores\\app\\Controllers\\Clientes.php', 25)
 2 SYSTEMPATH\CodeIgniter.php(933): App\Controllers\Clientes->index()
 3 SYSTEMPATH\CodeIgniter.php(507): CodeIgniter\CodeIgniter->runController(Object(App\Controllers\Clientes))
 4 SYSTEMPATH\CodeIgniter.php(354): CodeIgniter\CodeIgniter->handleRequest(null, Object(Config\Cache), false)
 5 SYSTEMPATH\Boot.php(363): CodeIgniter\CodeIgniter->run()
 6 SYSTEMPATH\Boot.php(68): CodeIgniter\Boot::runCodeIgniter(Object(CodeIgniter\CodeIgniter))
 7 FCPATH\index.php(59): CodeIgniter\Boot::bootWeb(Object(Config\Paths))
DEBUG - 2025-12-07 16:17:57 --> Session: Class initialized using 'CodeIgniter\Session\Handlers\FileHandler' driver.
ERROR - 2025-12-07 16:17:57 --> mysqli_sql_exception: Unknown column 'DISTINCT' in 'field list' in C:\xampp\htdocs\clientesProveedores\system\Database\MySQLi\Connection.php:327
Stack trace:
#0 C:\xampp\htdocs\clientesProveedores\system\Database\MySQLi\Connection.php(327): mysqli->query('SELECT `DISTINC...', 0)
#1 C:\xampp\htdocs\clientesProveedores\system\Database\BaseConnection.php(729): CodeIgniter\Database\MySQLi\Connection->execute('SELECT `DISTINC...')
#2 C:\xampp\htdocs\clientesProveedores\system\Database\BaseConnection.php(646): CodeIgniter\Database\BaseConnection->simpleQuery('SELECT `DISTINC...')
#3 C:\xampp\htdocs\clientesProveedores\system\Database\BaseBuilder.php(1649): CodeIgniter\Database\BaseConnection->query('SELECT `DISTINC...', Array, false)
#4 C:\xampp\htdocs\clientesProveedores\system\Model.php(286): CodeIgniter\Database\BaseBuilder->get()
#5 C:\xampp\htdocs\clientesProveedores\system\BaseModel.php(677): CodeIgniter\Model->doFindAll(0, 0)
#6 C:\xampp\htdocs\clientesProveedores\app\Models\TransaccionesModel.php(123): CodeIgniter\BaseModel->findAll()
#7 C:\xampp\htdocs\clientesProveedores\app\Controllers\Clientes.php(29): App\Models\TransaccionesModel->getSaldosClientes()
#8 C:\xampp\htdocs\clientesProveedores\system\CodeIgniter.php(933): App\Controllers\Clientes->index()
#9 C:\xampp\htdocs\clientesProveedores\system\CodeIgniter.php(507): CodeIgniter\CodeIgniter->runController(Object(App\Controllers\Clientes))
#10 C:\xampp\htdocs\clientesProveedores\system\CodeIgniter.php(354): CodeIgniter\CodeIgniter->handleRequest(NULL, Object(Config\Cache), false)
#11 C:\xampp\htdocs\clientesProveedores\system\Boot.php(363): CodeIgniter\CodeIgniter->run()
#12 C:\xampp\htdocs\clientesProveedores\system\Boot.php(68): CodeIgniter\Boot::runCodeIgniter(Object(CodeIgniter\CodeIgniter))
#13 C:\xampp\htdocs\clientesProveedores\public\index.php(59): CodeIgniter\Boot::bootWeb(Object(Config\Paths))
#14 {main}
CRITICAL - 2025-12-07 16:17:57 --> CodeIgniter\Database\Exceptions\DatabaseException: Unknown column 'DISTINCT' in 'field list'
[Method: GET, Route: clientes]
in SYSTEMPATH\Database\BaseConnection.php on line 684.
 1 SYSTEMPATH\Database\BaseBuilder.php(1649): CodeIgniter\Database\BaseConnection->query('SELECT `DISTINCT` `cliente_id`
FROM `transacciones`
WHERE `cliente_id` IS NOT NULL
AND `transacciones`.`fecha_borrado` IS NULL', [], false)
 2 SYSTEMPATH\Model.php(286): CodeIgniter\Database\BaseBuilder->get()
 3 SYSTEMPATH\BaseModel.php(677): CodeIgniter\Model->doFindAll(0, 0)
 4 APPPATH\Models\TransaccionesModel.php(123): CodeIgniter\BaseModel->findAll()
 5 APPPATH\Controllers\Clientes.php(29): App\Models\TransaccionesModel->getSaldosClientes()
 6 SYSTEMPATH\CodeIgniter.php(933): App\Controllers\Clientes->index()
 7 SYSTEMPATH\CodeIgniter.php(507): CodeIgniter\CodeIgniter->runController(Object(App\Controllers\Clientes))
 8 SYSTEMPATH\CodeIgniter.php(354): CodeIgniter\CodeIgniter->handleRequest(null, Object(Config\Cache), false)
 9 SYSTEMPATH\Boot.php(363): CodeIgniter\CodeIgniter->run()
10 SYSTEMPATH\Boot.php(68): CodeIgniter\Boot::runCodeIgniter(Object(CodeIgniter\CodeIgniter))
11 FCPATH\index.php(59): CodeIgniter\Boot::bootWeb(Object(Config\Paths))
CRITICAL - 2025-12-07 16:17:57 --> [Caused by] CodeIgniter\Database\Exceptions\DatabaseException: Unknown column 'DISTINCT' in 'field list'
in SYSTEMPATH\Database\MySQLi\Connection.php on line 332.
 1 SYSTEMPATH\Database\BaseConnection.php(729): CodeIgniter\Database\MySQLi\Connection->execute('SELECT `DISTINCT` `cliente_id`
FROM `transacciones`
WHERE `cliente_id` IS NOT NULL
AND `transacciones`.`fecha_borrado` IS NULL')
 2 SYSTEMPATH\Database\BaseConnection.php(646): CodeIgniter\Database\BaseConnection->simpleQuery('SELECT `DISTINCT` `cliente_id`
FROM `transacciones`
WHERE `cliente_id` IS NOT NULL
AND `transacciones`.`fecha_borrado` IS NULL')
 3 SYSTEMPATH\Database\BaseBuilder.php(1649): CodeIgniter\Database\BaseConnection->query('SELECT `DISTINCT` `cliente_id`
FROM `transacciones`
WHERE `cliente_id` IS NOT NULL
AND `transacciones`.`fecha_borrado` IS NULL', [], false)
 4 SYSTEMPATH\Model.php(286): CodeIgniter\Database\BaseBuilder->get()
 5 SYSTEMPATH\BaseModel.php(677): CodeIgniter\Model->doFindAll(0, 0)
 6 APPPATH\Models\TransaccionesModel.php(123): CodeIgniter\BaseModel->findAll()
 7 APPPATH\Controllers\Clientes.php(29): App\Models\TransaccionesModel->getSaldosClientes()
 8 SYSTEMPATH\CodeIgniter.php(933): App\Controllers\Clientes->index()
 9 SYSTEMPATH\CodeIgniter.php(507): CodeIgniter\CodeIgniter->runController(Object(App\Controllers\Clientes))
10 SYSTEMPATH\CodeIgniter.php(354): CodeIgniter\CodeIgniter->handleRequest(null, Object(Config\Cache), false)
11 SYSTEMPATH\Boot.php(363): CodeIgniter\CodeIgniter->run()
12 SYSTEMPATH\Boot.php(68): CodeIgniter\Boot::runCodeIgniter(Object(CodeIgniter\CodeIgniter))
13 FCPATH\index.php(59): CodeIgniter\Boot::bootWeb(Object(Config\Paths))
CRITICAL - 2025-12-07 16:17:57 --> [Caused by] mysqli_sql_exception: Unknown column 'DISTINCT' in 'field list'
in SYSTEMPATH\Database\MySQLi\Connection.php on line 327.
 1 SYSTEMPATH\Database\MySQLi\Connection.php(327): mysqli->query('SELECT `DISTINCT` `cliente_id`
FROM `transacciones`
WHERE `cliente_id` IS NOT NULL
AND `transacciones`.`fecha_borrado` IS NULL', 0)
 2 SYSTEMPATH\Database\BaseConnection.php(729): CodeIgniter\Database\MySQLi\Connection->execute('SELECT `DISTINCT` `cliente_id`
FROM `transacciones`
WHERE `cliente_id` IS NOT NULL
AND `transacciones`.`fecha_borrado` IS NULL')
 3 SYSTEMPATH\Database\BaseConnection.php(646): CodeIgniter\Database\BaseConnection->simpleQuery('SELECT `DISTINCT` `cliente_id`
FROM `transacciones`
WHERE `cliente_id` IS NOT NULL
AND `transacciones`.`fecha_borrado` IS NULL')
 4 SYSTEMPATH\Database\BaseBuilder.php(1649): CodeIgniter\Database\BaseConnection->query('SELECT `DISTINCT` `cliente_id`
FROM `transacciones`
WHERE `cliente_id` IS NOT NULL
AND `transacciones`.`fecha_borrado` IS NULL', [], false)
 5 SYSTEMPATH\Model.php(286): CodeIgniter\Database\BaseBuilder->get()
 6 SYSTEMPATH\BaseModel.php(677): CodeIgniter\Model->doFindAll(0, 0)
 7 APPPATH\Models\TransaccionesModel.php(123): CodeIgniter\BaseModel->findAll()
 8 APPPATH\Controllers\Clientes.php(29): App\Models\TransaccionesModel->getSaldosClientes()
 9 SYSTEMPATH\CodeIgniter.php(933): App\Controllers\Clientes->index()
10 SYSTEMPATH\CodeIgniter.php(507): CodeIgniter\CodeIgniter->runController(Object(App\Controllers\Clientes))
11 SYSTEMPATH\CodeIgniter.php(354): CodeIgniter\CodeIgniter->handleRequest(null, Object(Config\Cache), false)
12 SYSTEMPATH\Boot.php(363): CodeIgniter\CodeIgniter->run()
13 SYSTEMPATH\Boot.php(68): CodeIgniter\Boot::runCodeIgniter(Object(CodeIgniter\CodeIgniter))
14 FCPATH\index.php(59): CodeIgniter\Boot::bootWeb(Object(Config\Paths))
