DEBUG - 2025-12-06 14:48:39 --> Session: Class initialized using 'CodeIgniter\Session\Handlers\FileHandler' driver.
DEBUG - 2025-12-06 14:48:45 --> Session: Class initialized using 'CodeIgniter\Session\Handlers\FileHandler' driver.
DEBUG - 2025-12-06 14:48:54 --> Session: Class initialized using 'CodeIgniter\Session\Handlers\FileHandler' driver.
DEBUG - 2025-12-06 14:49:10 --> Session: Class initialized using 'CodeIgniter\Session\Handlers\FileHandler' driver.
DEBUG - 2025-12-06 14:49:10 --> Session: Class initialized using 'CodeIgniter\Session\Handlers\FileHandler' driver.
DEBUG - 2025-12-06 14:49:14 --> Session: Class initialized using 'CodeIgniter\Session\Handlers\FileHandler' driver.
DEBUG - 2025-12-06 15:10:03 --> Session: Class initialized using 'CodeIgniter\Session\Handlers\FileHandler' driver.
DEBUG - 2025-12-06 15:10:08 --> Session: Class initialized using 'CodeIgniter\Session\Handlers\FileHandler' driver.
ERROR - 2025-12-06 15:10:08 --> mysqli_sql_exception: Unknown column 'transacciones.deleted_at' in 'where clause' in C:\xampp\htdocs\clientesProveedores\system\Database\MySQLi\Connection.php:327
Stack trace:
#0 C:\xampp\htdocs\clientesProveedores\system\Database\MySQLi\Connection.php(327): mysqli->query('SELECT `transac...', 0)
#1 C:\xampp\htdocs\clientesProveedores\system\Database\BaseConnection.php(729): CodeIgniter\Database\MySQLi\Connection->execute('SELECT `transac...')
#2 C:\xampp\htdocs\clientesProveedores\system\Database\BaseConnection.php(646): CodeIgniter\Database\BaseConnection->simpleQuery('SELECT `transac...')
#3 C:\xampp\htdocs\clientesProveedores\system\Database\BaseBuilder.php(1649): CodeIgniter\Database\BaseConnection->query('SELECT `transac...', Array, false)
#4 C:\xampp\htdocs\clientesProveedores\app\Models\TransaccionesModel.php(55): CodeIgniter\Database\BaseBuilder->get()
#5 C:\xampp\htdocs\clientesProveedores\app\Controllers\Transacciones.php(31): App\Models\TransaccionesModel->getTransaccionesCompletas()
#6 C:\xampp\htdocs\clientesProveedores\system\CodeIgniter.php(933): App\Controllers\Transacciones->index()
#7 C:\xampp\htdocs\clientesProveedores\system\CodeIgniter.php(507): CodeIgniter\CodeIgniter->runController(Object(App\Controllers\Transacciones))
#8 C:\xampp\htdocs\clientesProveedores\system\CodeIgniter.php(354): CodeIgniter\CodeIgniter->handleRequest(NULL, Object(Config\Cache), false)
#9 C:\xampp\htdocs\clientesProveedores\system\Boot.php(363): CodeIgniter\CodeIgniter->run()
#10 C:\xampp\htdocs\clientesProveedores\system\Boot.php(68): CodeIgniter\Boot::runCodeIgniter(Object(CodeIgniter\CodeIgniter))
#11 C:\xampp\htdocs\clientesProveedores\public\index.php(59): CodeIgniter\Boot::bootWeb(Object(Config\Paths))
#12 {main}
CRITICAL - 2025-12-06 15:10:08 --> CodeIgniter\Database\Exceptions\DatabaseException: Unknown column 'transacciones.deleted_at' in 'where clause'
[Method: GET, Route: transacciones]
in SYSTEMPATH\Database\BaseConnection.php on line 684.
 1 SYSTEMPATH\Database\BaseBuilder.php(1649): CodeIgniter\Database\BaseConnection->query('SELECT `transacciones`.*, `clientes`.`razon_social` as `nombre_cliente`, `proveedores`.`razon_social` as `nombre_proveedor`
FROM `transacciones`
LEFT JOIN `clientes` ON `clientes`.`id` = `transacciones`.`cliente_id`
LEFT JOIN `proveedores` ON `proveedores`.`id` = `transacciones`.`proveedor_id`
WHERE `transacciones`.`deleted_at` IS NULL
ORDER BY `transacciones`.`fecha` DESC', [], false)
 2 APPPATH\Models\TransaccionesModel.php(55): CodeIgniter\Database\BaseBuilder->get()
 3 APPPATH\Controllers\Transacciones.php(31): App\Models\TransaccionesModel->getTransaccionesCompletas()
 4 SYSTEMPATH\CodeIgniter.php(933): App\Controllers\Transacciones->index()
 5 SYSTEMPATH\CodeIgniter.php(507): CodeIgniter\CodeIgniter->runController(Object(App\Controllers\Transacciones))
 6 SYSTEMPATH\CodeIgniter.php(354): CodeIgniter\CodeIgniter->handleRequest(null, Object(Config\Cache), false)
 7 SYSTEMPATH\Boot.php(363): CodeIgniter\CodeIgniter->run()
 8 SYSTEMPATH\Boot.php(68): CodeIgniter\Boot::runCodeIgniter(Object(CodeIgniter\CodeIgniter))
 9 FCPATH\index.php(59): CodeIgniter\Boot::bootWeb(Object(Config\Paths))
CRITICAL - 2025-12-06 15:10:08 --> [Caused by] CodeIgniter\Database\Exceptions\DatabaseException: Unknown column 'transacciones.deleted_at' in 'where clause'
in SYSTEMPATH\Database\MySQLi\Connection.php on line 332.
 1 SYSTEMPATH\Database\BaseConnection.php(729): CodeIgniter\Database\MySQLi\Connection->execute('SELECT `transacciones`.*, `clientes`.`razon_social` as `nombre_cliente`, `proveedores`.`razon_social` as `nombre_proveedor`
FROM `transacciones`
LEFT JOIN `clientes` ON `clientes`.`id` = `transacciones`.`cliente_id`
LEFT JOIN `proveedores` ON `proveedores`.`id` = `transacciones`.`proveedor_id`
WHERE `transacciones`.`deleted_at` IS NULL
ORDER BY `transacciones`.`fecha` DESC')
 2 SYSTEMPATH\Database\BaseConnection.php(646): CodeIgniter\Database\BaseConnection->simpleQuery('SELECT `transacciones`.*, `clientes`.`razon_social` as `nombre_cliente`, `proveedores`.`razon_social` as `nombre_proveedor`
FROM `transacciones`
LEFT JOIN `clientes` ON `clientes`.`id` = `transacciones`.`cliente_id`
LEFT JOIN `proveedores` ON `proveedores`.`id` = `transacciones`.`proveedor_id`
WHERE `transacciones`.`deleted_at` IS NULL
ORDER BY `transacciones`.`fecha` DESC')
 3 SYSTEMPATH\Database\BaseBuilder.php(1649): CodeIgniter\Database\BaseConnection->query('SELECT `transacciones`.*, `clientes`.`razon_social` as `nombre_cliente`, `proveedores`.`razon_social` as `nombre_proveedor`
FROM `transacciones`
LEFT JOIN `clientes` ON `clientes`.`id` = `transacciones`.`cliente_id`
LEFT JOIN `proveedores` ON `proveedores`.`id` = `transacciones`.`proveedor_id`
WHERE `transacciones`.`deleted_at` IS NULL
ORDER BY `transacciones`.`fecha` DESC', [], false)
 4 APPPATH\Models\TransaccionesModel.php(55): CodeIgniter\Database\BaseBuilder->get()
 5 APPPATH\Controllers\Transacciones.php(31): App\Models\TransaccionesModel->getTransaccionesCompletas()
 6 SYSTEMPATH\CodeIgniter.php(933): App\Controllers\Transacciones->index()
 7 SYSTEMPATH\CodeIgniter.php(507): CodeIgniter\CodeIgniter->runController(Object(App\Controllers\Transacciones))
 8 SYSTEMPATH\CodeIgniter.php(354): CodeIgniter\CodeIgniter->handleRequest(null, Object(Config\Cache), false)
 9 SYSTEMPATH\Boot.php(363): CodeIgniter\CodeIgniter->run()
10 SYSTEMPATH\Boot.php(68): CodeIgniter\Boot::runCodeIgniter(Object(CodeIgniter\CodeIgniter))
11 FCPATH\index.php(59): CodeIgniter\Boot::bootWeb(Object(Config\Paths))
CRITICAL - 2025-12-06 15:10:08 --> [Caused by] mysqli_sql_exception: Unknown column 'transacciones.deleted_at' in 'where clause'
in SYSTEMPATH\Database\MySQLi\Connection.php on line 327.
 1 SYSTEMPATH\Database\MySQLi\Connection.php(327): mysqli->query('SELECT `transacciones`.*, `clientes`.`razon_social` as `nombre_cliente`, `proveedores`.`razon_social` as `nombre_proveedor`
FROM `transacciones`
LEFT JOIN `clientes` ON `clientes`.`id` = `transacciones`.`cliente_id`
LEFT JOIN `proveedores` ON `proveedores`.`id` = `transacciones`.`proveedor_id`
WHERE `transacciones`.`deleted_at` IS NULL
ORDER BY `transacciones`.`fecha` DESC', 0)
 2 SYSTEMPATH\Database\BaseConnection.php(729): CodeIgniter\Database\MySQLi\Connection->execute('SELECT `transacciones`.*, `clientes`.`razon_social` as `nombre_cliente`, `proveedores`.`razon_social` as `nombre_proveedor`
FROM `transacciones`
LEFT JOIN `clientes` ON `clientes`.`id` = `transacciones`.`cliente_id`
LEFT JOIN `proveedores` ON `proveedores`.`id` = `transacciones`.`proveedor_id`
WHERE `transacciones`.`deleted_at` IS NULL
ORDER BY `transacciones`.`fecha` DESC')
 3 SYSTEMPATH\Database\BaseConnection.php(646): CodeIgniter\Database\BaseConnection->simpleQuery('SELECT `transacciones`.*, `clientes`.`razon_social` as `nombre_cliente`, `proveedores`.`razon_social` as `nombre_proveedor`
FROM `transacciones`
LEFT JOIN `clientes` ON `clientes`.`id` = `transacciones`.`cliente_id`
LEFT JOIN `proveedores` ON `proveedores`.`id` = `transacciones`.`proveedor_id`
WHERE `transacciones`.`deleted_at` IS NULL
ORDER BY `transacciones`.`fecha` DESC')
 4 SYSTEMPATH\Database\BaseBuilder.php(1649): CodeIgniter\Database\BaseConnection->query('SELECT `transacciones`.*, `clientes`.`razon_social` as `nombre_cliente`, `proveedores`.`razon_social` as `nombre_proveedor`
FROM `transacciones`
LEFT JOIN `clientes` ON `clientes`.`id` = `transacciones`.`cliente_id`
LEFT JOIN `proveedores` ON `proveedores`.`id` = `transacciones`.`proveedor_id`
WHERE `transacciones`.`deleted_at` IS NULL
ORDER BY `transacciones`.`fecha` DESC', [], false)
 5 APPPATH\Models\TransaccionesModel.php(55): CodeIgniter\Database\BaseBuilder->get()
 6 APPPATH\Controllers\Transacciones.php(31): App\Models\TransaccionesModel->getTransaccionesCompletas()
 7 SYSTEMPATH\CodeIgniter.php(933): App\Controllers\Transacciones->index()
 8 SYSTEMPATH\CodeIgniter.php(507): CodeIgniter\CodeIgniter->runController(Object(App\Controllers\Transacciones))
 9 SYSTEMPATH\CodeIgniter.php(354): CodeIgniter\CodeIgniter->handleRequest(null, Object(Config\Cache), false)
10 SYSTEMPATH\Boot.php(363): CodeIgniter\CodeIgniter->run()
11 SYSTEMPATH\Boot.php(68): CodeIgniter\Boot::runCodeIgniter(Object(CodeIgniter\CodeIgniter))
12 FCPATH\index.php(59): CodeIgniter\Boot::bootWeb(Object(Config\Paths))
DEBUG - 2025-12-06 15:12:17 --> Session: Class initialized using 'CodeIgniter\Session\Handlers\FileHandler' driver.
DEBUG - 2025-12-06 15:15:23 --> Session: Class initialized using 'CodeIgniter\Session\Handlers\FileHandler' driver.
DEBUG - 2025-12-06 15:15:26 --> Session: Class initialized using 'CodeIgniter\Session\Handlers\FileHandler' driver.
DEBUG - 2025-12-06 15:16:43 --> Session: Class initialized using 'CodeIgniter\Session\Handlers\FileHandler' driver.
DEBUG - 2025-12-06 15:16:51 --> Session: Class initialized using 'CodeIgniter\Session\Handlers\FileHandler' driver.
DEBUG - 2025-12-06 15:16:53 --> Session: Class initialized using 'CodeIgniter\Session\Handlers\FileHandler' driver.
DEBUG - 2025-12-06 15:21:26 --> Session: Class initialized using 'CodeIgniter\Session\Handlers\FileHandler' driver.
DEBUG - 2025-12-06 15:21:28 --> Session: Class initialized using 'CodeIgniter\Session\Handlers\FileHandler' driver.
DEBUG - 2025-12-06 15:21:36 --> Session: Class initialized using 'CodeIgniter\Session\Handlers\FileHandler' driver.
DEBUG - 2025-12-06 15:21:36 --> Session: Class initialized using 'CodeIgniter\Session\Handlers\FileHandler' driver.
DEBUG - 2025-12-06 15:21:39 --> Session: Class initialized using 'CodeIgniter\Session\Handlers\FileHandler' driver.
DEBUG - 2025-12-06 16:55:24 --> Session: Class initialized using 'CodeIgniter\Session\Handlers\FileHandler' driver.
DEBUG - 2025-12-06 16:58:15 --> Session: Class initialized using 'CodeIgniter\Session\Handlers\FileHandler' driver.
DEBUG - 2025-12-06 17:00:34 --> Session: Class initialized using 'CodeIgniter\Session\Handlers\FileHandler' driver.
DEBUG - 2025-12-06 17:00:38 --> Session: Class initialized using 'CodeIgniter\Session\Handlers\FileHandler' driver.
DEBUG - 2025-12-06 17:01:56 --> Session: Class initialized using 'CodeIgniter\Session\Handlers\FileHandler' driver.
DEBUG - 2025-12-06 17:02:40 --> Session: Class initialized using 'CodeIgniter\Session\Handlers\FileHandler' driver.
DEBUG - 2025-12-06 17:03:25 --> Session: Class initialized using 'CodeIgniter\Session\Handlers\FileHandler' driver.
DEBUG - 2025-12-06 17:05:39 --> Session: Class initialized using 'CodeIgniter\Session\Handlers\FileHandler' driver.
DEBUG - 2025-12-06 17:07:44 --> Session: Class initialized using 'CodeIgniter\Session\Handlers\FileHandler' driver.
DEBUG - 2025-12-06 17:12:04 --> Session: Class initialized using 'CodeIgniter\Session\Handlers\FileHandler' driver.
DEBUG - 2025-12-06 17:12:07 --> Session: Class initialized using 'CodeIgniter\Session\Handlers\FileHandler' driver.
DEBUG - 2025-12-06 17:16:34 --> Session: Class initialized using 'CodeIgniter\Session\Handlers\FileHandler' driver.
DEBUG - 2025-12-06 17:16:37 --> Session: Class initialized using 'CodeIgniter\Session\Handlers\FileHandler' driver.
DEBUG - 2025-12-06 17:18:28 --> Session: Class initialized using 'CodeIgniter\Session\Handlers\FileHandler' driver.
DEBUG - 2025-12-06 17:18:52 --> Session: Class initialized using 'CodeIgniter\Session\Handlers\FileHandler' driver.
DEBUG - 2025-12-06 17:21:29 --> Session: Class initialized using 'CodeIgniter\Session\Handlers\FileHandler' driver.
DEBUG - 2025-12-06 17:21:48 --> Session: Class initialized using 'CodeIgniter\Session\Handlers\FileHandler' driver.
DEBUG - 2025-12-06 17:21:48 --> Session: Class initialized using 'CodeIgniter\Session\Handlers\FileHandler' driver.
DEBUG - 2025-12-06 17:23:04 --> Session: Class initialized using 'CodeIgniter\Session\Handlers\FileHandler' driver.
DEBUG - 2025-12-06 17:23:20 --> Session: Class initialized using 'CodeIgniter\Session\Handlers\FileHandler' driver.
DEBUG - 2025-12-06 17:23:20 --> Session: Class initialized using 'CodeIgniter\Session\Handlers\FileHandler' driver.
DEBUG - 2025-12-06 17:23:58 --> Session: Class initialized using 'CodeIgniter\Session\Handlers\FileHandler' driver.
DEBUG - 2025-12-06 17:24:15 --> Session: Class initialized using 'CodeIgniter\Session\Handlers\FileHandler' driver.
DEBUG - 2025-12-06 17:24:15 --> Session: Class initialized using 'CodeIgniter\Session\Handlers\FileHandler' driver.
DEBUG - 2025-12-06 17:24:56 --> Session: Class initialized using 'CodeIgniter\Session\Handlers\FileHandler' driver.
DEBUG - 2025-12-06 17:35:19 --> Session: Class initialized using 'CodeIgniter\Session\Handlers\FileHandler' driver.
DEBUG - 2025-12-06 17:35:33 --> Session: Class initialized using 'CodeIgniter\Session\Handlers\FileHandler' driver.
DEBUG - 2025-12-06 17:35:34 --> Session: Class initialized using 'CodeIgniter\Session\Handlers\FileHandler' driver.
DEBUG - 2025-12-06 17:37:52 --> Session: Class initialized using 'CodeIgniter\Session\Handlers\FileHandler' driver.
DEBUG - 2025-12-06 17:59:11 --> Session: Class initialized using 'CodeIgniter\Session\Handlers\FileHandler' driver.
DEBUG - 2025-12-06 17:59:15 --> Session: Class initialized using 'CodeIgniter\Session\Handlers\FileHandler' driver.
DEBUG - 2025-12-06 17:59:15 --> Session: Class initialized using 'CodeIgniter\Session\Handlers\FileHandler' driver.
DEBUG - 2025-12-06 17:59:17 --> Session: Class initialized using 'CodeIgniter\Session\Handlers\FileHandler' driver.
DEBUG - 2025-12-06 17:59:27 --> Session: Class initialized using 'CodeIgniter\Session\Handlers\FileHandler' driver.
DEBUG - 2025-12-06 17:59:31 --> Session: Class initialized using 'CodeIgniter\Session\Handlers\FileHandler' driver.
DEBUG - 2025-12-06 17:59:58 --> Session: Class initialized using 'CodeIgniter\Session\Handlers\FileHandler' driver.
DEBUG - 2025-12-06 17:59:58 --> Session: Class initialized using 'CodeIgniter\Session\Handlers\FileHandler' driver.
DEBUG - 2025-12-06 18:00:48 --> Session: Class initialized using 'CodeIgniter\Session\Handlers\FileHandler' driver.
DEBUG - 2025-12-06 18:00:53 --> Session: Class initialized using 'CodeIgniter\Session\Handlers\FileHandler' driver.
DEBUG - 2025-12-06 18:01:03 --> Session: Class initialized using 'CodeIgniter\Session\Handlers\FileHandler' driver.
DEBUG - 2025-12-06 18:01:15 --> Session: Class initialized using 'CodeIgniter\Session\Handlers\FileHandler' driver.
DEBUG - 2025-12-06 18:02:54 --> Session: Class initialized using 'CodeIgniter\Session\Handlers\FileHandler' driver.
DEBUG - 2025-12-06 18:03:46 --> Session: Class initialized using 'CodeIgniter\Session\Handlers\FileHandler' driver.
DEBUG - 2025-12-06 18:03:57 --> Session: Class initialized using 'CodeIgniter\Session\Handlers\FileHandler' driver.
DEBUG - 2025-12-06 18:04:08 --> Session: Class initialized using 'CodeIgniter\Session\Handlers\FileHandler' driver.
DEBUG - 2025-12-06 18:04:11 --> Session: Class initialized using 'CodeIgniter\Session\Handlers\FileHandler' driver.
DEBUG - 2025-12-06 18:04:57 --> Session: Class initialized using 'CodeIgniter\Session\Handlers\FileHandler' driver.
